<?xml version="1.0" encoding="UTF-8"?>
<!-- Generated by org.testng.reporters.JUnitXMLReporter -->
<testsuite ignored="0" hostname="MCSW69SLPC0030" failures="6" tests="6" name="Test(failed)" time="449.386" errors="0" timestamp="2025-02-03T15:40:09 IST">
  <testcase classname="testScripts.AddNewAddress" name="testCase6" time="45.677">
    <failure type="java.lang.AssertionError" message="expected [Account] but found [Too many attempts]">
      <![CDATA[java.lang.AssertionError: expected [Account] but found [Too many attempts]
at testScripts.AddNewAddress.testCase6(AddNewAddress.java:32)
at java.base/java.util.ArrayList.forEach(ArrayList.java:1596)
... Removed 31 stack frames]]>
    </failure>
  </testcase> <!-- testCase6 -->
  <testcase classname="testScripts.AddProductToWishList" name="testCase1" time="64.925">
    <failure type="java.lang.AssertionError" message="expected [Account] but found [Too many attempts]">
      <![CDATA[java.lang.AssertionError: expected [Account] but found [Too many attempts]
at testScripts.AddProductToWishList.testCase1(AddProductToWishList.java:38)
at java.base/java.util.ArrayList.forEach(ArrayList.java:1596)
... Removed 31 stack frames]]>
    </failure>
  </testcase> <!-- testCase1 -->
  <testcase classname="testScripts.SelectItemAndVerifyPinCode" name="testCase3" time="3.334">
    <failure type="java.lang.AssertionError" message="expected [Account] but found [Too many attempts]">
      <![CDATA[java.lang.AssertionError: expected [Account] but found [Too many attempts]
at testScripts.SelectItemAndVerifyPinCode.testCase3(SelectItemAndVerifyPinCode.java:30)
at java.base/java.util.ArrayList.forEach(ArrayList.java:1596)
... Removed 31 stack frames]]>
    </failure>
  </testcase> <!-- testCase3 -->
  <testcase classname="testScripts.AddItemToWishListBySearchBox2" name="testCase2" time="41.147">
    <failure type="java.lang.AssertionError" message="expected [Account] but found [Too many attempts]">
      <![CDATA[java.lang.AssertionError: expected [Account] but found [Too many attempts]
at testScripts.AddItemToWishListBySearchBox2.testCase2(AddItemToWishListBySearchBox2.java:32)
at java.base/java.util.ArrayList.forEach(ArrayList.java:1596)
... Removed 31 stack frames]]>
    </failure>
  </testcase> <!-- testCase2 -->
  <testcase classname="testScripts.MonteCarloVerifyPincode" name="testCase5" time="36.768">
    <failure type="java.lang.AssertionError" message="expected [Account] but found [Too many attempts]">
      <![CDATA[java.lang.AssertionError: expected [Account] but found [Too many attempts]
at testScripts.MonteCarloVerifyPincode.testCase5(MonteCarloVerifyPincode.java:33)
at java.base/java.util.ArrayList.forEach(ArrayList.java:1596)
... Removed 31 stack frames]]>
    </failure>
  </testcase> <!-- testCase5 -->
  <testcase classname="testScripts.TestCase10" name="testCase10" time="38.085">
    <failure type="java.lang.AssertionError" message="expected [Account] but found [Too many attempts]">
      <![CDATA[java.lang.AssertionError: expected [Account] but found [Too many attempts]
at testScripts.TestCase10.testCase10(TestCase10.java:33)
at java.base/java.util.ArrayList.forEach(ArrayList.java:1596)
... Removed 31 stack frames]]>
    </failure>
  </testcase> <!-- testCase10 -->
</testsuite> <!-- Test(failed) -->
