<?xml version="1.0" encoding="UTF-8"?>
<testng-results ignored="0" total="10" passed="9" failed="1" skipped="0">
  <reporter-output>
  </reporter-output>
  <suite started-at="2025-02-04T17:09:10 IST" name="Suite" finished-at="2025-02-04T17:15:42 IST" duration-ms="392146">
    <groups>
    </groups>
    <test started-at="2025-02-04T17:09:10 IST" name="Test" finished-at="2025-02-04T17:15:42 IST" duration-ms="392146">
      <class name="testScripts.AddProductCartInitiateCheckout">
        <test-method is-config="true" signature="openApp()[pri:0, instance:testScripts.AddProductCartInitiateCheckout@2dd29a59]" started-at="2025-02-04T17:12:18 IST" name="openApp" finished-at="2025-02-04T17:12:30 IST" duration-ms="12330" status="PASS">
          <reporter-output>
          </reporter-output>
        </test-method> <!-- openApp -->
        <test-method signature="testCase4()[pri:0, instance:testScripts.AddProductCartInitiateCheckout@2dd29a59]" started-at="2025-02-04T17:12:30 IST" name="testCase4" finished-at="2025-02-04T17:12:47 IST" duration-ms="16874" status="PASS">
          <reporter-output>
          </reporter-output>
        </test-method> <!-- testCase4 -->
        <test-method is-config="true" signature="closeApp()[pri:0, instance:testScripts.AddProductCartInitiateCheckout@2dd29a59]" started-at="2025-02-04T17:12:47 IST" name="closeApp" finished-at="2025-02-04T17:12:49 IST" duration-ms="2285" status="PASS">
          <reporter-output>
          </reporter-output>
        </test-method> <!-- closeApp -->
      </class> <!-- testScripts.AddProductCartInitiateCheckout -->
      <class name="testScripts.DeleteAddressFromAccount">
        <test-method is-config="true" signature="openApp()[pri:0, instance:testScripts.DeleteAddressFromAccount@40dff0b7]" started-at="2025-02-04T17:14:18 IST" name="openApp" finished-at="2025-02-04T17:14:30 IST" duration-ms="12279" status="PASS">
          <reporter-output>
          </reporter-output>
        </test-method> <!-- openApp -->
        <test-method signature="testCase7()[pri:0, instance:testScripts.DeleteAddressFromAccount@40dff0b7]" started-at="2025-02-04T17:14:30 IST" name="testCase7" finished-at="2025-02-04T17:14:40 IST" duration-ms="9948" status="PASS">
          <reporter-output>
          </reporter-output>
        </test-method> <!-- testCase7 -->
        <test-method is-config="true" signature="closeApp()[pri:0, instance:testScripts.DeleteAddressFromAccount@40dff0b7]" started-at="2025-02-04T17:14:40 IST" name="closeApp" finished-at="2025-02-04T17:14:42 IST" duration-ms="1782" status="PASS">
          <reporter-output>
          </reporter-output>
        </test-method> <!-- closeApp -->
      </class> <!-- testScripts.DeleteAddressFromAccount -->
      <class name="testScripts.TestCase10">
        <test-method is-config="true" signature="openApp()[pri:0, instance:testScripts.TestCase10@3a44431a]" started-at="2025-02-04T17:09:10 IST" name="openApp" finished-at="2025-02-04T17:09:22 IST" duration-ms="11411" status="PASS">
          <reporter-output>
          </reporter-output>
        </test-method> <!-- openApp -->
        <test-method signature="testCase10()[pri:0, instance:testScripts.TestCase10@3a44431a]" started-at="2025-02-04T17:09:22 IST" name="testCase10" finished-at="2025-02-04T17:09:53 IST" duration-ms="31060" status="PASS">
          <reporter-output>
          </reporter-output>
        </test-method> <!-- testCase10 -->
        <test-method is-config="true" signature="closeApp()[pri:0, instance:testScripts.TestCase10@3a44431a]" started-at="2025-02-04T17:09:53 IST" name="closeApp" finished-at="2025-02-04T17:09:56 IST" duration-ms="3061" status="PASS">
          <reporter-output>
          </reporter-output>
        </test-method> <!-- closeApp -->
      </class> <!-- testScripts.TestCase10 -->
      <class name="testScripts.MontoCarlo_AddToCartOldNew9">
        <test-method is-config="true" signature="openApp()[pri:0, instance:testScripts.MontoCarlo_AddToCartOldNew9@784c3487]" started-at="2025-02-04T17:12:49 IST" name="openApp" finished-at="2025-02-04T17:13:06 IST" duration-ms="16786" status="PASS">
          <reporter-output>
          </reporter-output>
        </test-method> <!-- openApp -->
        <test-method signature="testCase9()[pri:0, instance:testScripts.MontoCarlo_AddToCartOldNew9@784c3487]" started-at="2025-02-04T17:13:06 IST" name="testCase9" finished-at="2025-02-04T17:13:24 IST" duration-ms="17762" status="PASS">
          <reporter-output>
          </reporter-output>
        </test-method> <!-- testCase9 -->
        <test-method is-config="true" signature="closeApp()[pri:0, instance:testScripts.MontoCarlo_AddToCartOldNew9@784c3487]" started-at="2025-02-04T17:13:24 IST" name="closeApp" finished-at="2025-02-04T17:13:30 IST" duration-ms="6275" status="PASS">
          <reporter-output>
          </reporter-output>
        </test-method> <!-- closeApp -->
      </class> <!-- testScripts.MontoCarlo_AddToCartOldNew9 -->
      <class name="testScripts.AddItemToWishListBySearchBox2">
        <test-method is-config="true" signature="openApp()[pri:0, instance:testScripts.AddItemToWishListBySearchBox2@53142455]" started-at="2025-02-04T17:13:30 IST" name="openApp" finished-at="2025-02-04T17:13:42 IST" duration-ms="11920" status="PASS">
          <reporter-output>
          </reporter-output>
        </test-method> <!-- openApp -->
        <test-method signature="testCase2()[pri:0, instance:testScripts.AddItemToWishListBySearchBox2@53142455]" started-at="2025-02-04T17:13:42 IST" name="testCase2" finished-at="2025-02-04T17:14:15 IST" duration-ms="33328" status="FAIL">
          <exception class="org.openqa.selenium.NoSuchElementException">
            <message>
              <![CDATA[no such element: Unable to locate element: {"method":"xpath","selector":"(//p[contains(text(),'Blue & Brown Cotton 525 GSM Towel Set Pack of 4 (2 Bath & 2 Hand Towels)')])[1]"}
  (Session info: MicrosoftEdge=132.0.2957.140)
For documentation on this error, please visit: https://www.selenium.dev/documentation/webdriver/troubleshooting/errors#no-such-element-exception
Build info: version: '4.27.0', revision: 'd6e718d134'
System info: os.name: 'Windows 11', os.arch: 'amd64', os.version: '10.0', java.version: '21.0.3'
Driver info: org.openqa.selenium.edge.EdgeDriver
Command: [97ebe0c3457027042a191f1a0b348ab6, findElement {using=xpath, value=(//p[contains(text(),'Blue & Brown Cotton 525 GSM Towel Set Pack of 4 (2 Bath & 2 Hand Towels)')])[1]}]
Capabilities {acceptInsecureCerts: false, browserName: MicrosoftEdge, browserVersion: 132.0.2957.140, fedcm:accounts: true, ms:edgeOptions: {debuggerAddress: localhost:53340}, msedge: {msedgedriverVersion: 132.0.2957.140 (a81e27b375d..., userDataDir: C:\Users\AM114180\AppData\L...}, networkConnectionEnabled: false, pageLoadStrategy: normal, platformName: windows, proxy: Proxy(), se:cdp: ws://localhost:53340/devtoo..., se:cdpVersion: 132.0.2957.140, setWindowRect: true, strictFileInteractability: false, timeouts: {implicit: 0, pageLoad: 300000, script: 30000}, unhandledPromptBehavior: dismiss and notify, webauthn:extension:credBlob: true, webauthn:extension:largeBlob: true, webauthn:extension:minPinLength: true, webauthn:extension:prf: true, webauthn:virtualAuthenticators: true}
Session ID: 97ebe0c3457027042a191f1a0b348ab6]]>
            </message>
            <full-stacktrace>
              <![CDATA[org.openqa.selenium.NoSuchElementException: no such element: Unable to locate element: {"method":"xpath","selector":"(//p[contains(text(),'Blue & Brown Cotton 525 GSM Towel Set Pack of 4 (2 Bath & 2 Hand Towels)')])[1]"}
  (Session info: MicrosoftEdge=132.0.2957.140)
For documentation on this error, please visit: https://www.selenium.dev/documentation/webdriver/troubleshooting/errors#no-such-element-exception
Build info: version: '4.27.0', revision: 'd6e718d134'
System info: os.name: 'Windows 11', os.arch: 'amd64', os.version: '10.0', java.version: '21.0.3'
Driver info: org.openqa.selenium.edge.EdgeDriver
Command: [97ebe0c3457027042a191f1a0b348ab6, findElement {using=xpath, value=(//p[contains(text(),'Blue & Brown Cotton 525 GSM Towel Set Pack of 4 (2 Bath & 2 Hand Towels)')])[1]}]
Capabilities {acceptInsecureCerts: false, browserName: MicrosoftEdge, browserVersion: 132.0.2957.140, fedcm:accounts: true, ms:edgeOptions: {debuggerAddress: localhost:53340}, msedge: {msedgedriverVersion: 132.0.2957.140 (a81e27b375d..., userDataDir: C:\Users\AM114180\AppData\L...}, networkConnectionEnabled: false, pageLoadStrategy: normal, platformName: windows, proxy: Proxy(), se:cdp: ws://localhost:53340/devtoo..., se:cdpVersion: 132.0.2957.140, setWindowRect: true, strictFileInteractability: false, timeouts: {implicit: 0, pageLoad: 300000, script: 30000}, unhandledPromptBehavior: dismiss and notify, webauthn:extension:credBlob: true, webauthn:extension:largeBlob: true, webauthn:extension:minPinLength: true, webauthn:extension:prf: true, webauthn:virtualAuthenticators: true}
Session ID: 97ebe0c3457027042a191f1a0b348ab6
at java.base/jdk.internal.reflect.DirectConstructorHandleAccessor.newInstance(DirectConstructorHandleAccessor.java:62)
at java.base/java.lang.reflect.Constructor.newInstanceWithCaller(Constructor.java:502)
at java.base/java.lang.reflect.Constructor.newInstance(Constructor.java:486)
at org.openqa.selenium.remote.ErrorCodec.decode(ErrorCodec.java:167)
at org.openqa.selenium.remote.codec.w3c.W3CHttpResponseCodec.decode(W3CHttpResponseCodec.java:138)
at org.openqa.selenium.remote.codec.w3c.W3CHttpResponseCodec.decode(W3CHttpResponseCodec.java:50)
at org.openqa.selenium.remote.HttpCommandExecutor.execute(HttpCommandExecutor.java:190)
at org.openqa.selenium.remote.service.DriverCommandExecutor.invokeExecute(DriverCommandExecutor.java:216)
at org.openqa.selenium.remote.service.DriverCommandExecutor.execute(DriverCommandExecutor.java:174)
at org.openqa.selenium.remote.RemoteWebDriver.execute(RemoteWebDriver.java:545)
at org.openqa.selenium.remote.ElementLocation$ElementFinder$2.findElement(ElementLocation.java:165)
at org.openqa.selenium.remote.ElementLocation.findElement(ElementLocation.java:59)
at org.openqa.selenium.remote.RemoteWebDriver.findElement(RemoteWebDriver.java:368)
at org.openqa.selenium.remote.RemoteWebDriver.findElement(RemoteWebDriver.java:362)
at org.openqa.selenium.support.pagefactory.DefaultElementLocator.findElement(DefaultElementLocator.java:68)
at org.openqa.selenium.support.pagefactory.internal.LocatingElementHandler.invoke(LocatingElementHandler.java:38)
at jdk.proxy2/jdk.proxy2.$Proxy29.getText(Unknown Source)
at pom.MontoCarlo_ProductPage.gettext(MontoCarlo_ProductPage.java:85)
at testScripts.AddItemToWishListBySearchBox2.testCase2(AddItemToWishListBySearchBox2.java:52)
at java.base/jdk.internal.reflect.DirectMethodHandleAccessor.invoke(DirectMethodHandleAccessor.java:103)
at java.base/java.lang.reflect.Method.invoke(Method.java:580)
at org.testng.internal.MethodInvocationHelper.invokeMethod(MethodInvocationHelper.java:133)
at org.testng.internal.TestInvoker.invokeMethod(TestInvoker.java:598)
at org.testng.internal.TestInvoker.invokeTestMethod(TestInvoker.java:173)
at org.testng.internal.MethodRunner.runInSequence(MethodRunner.java:46)
at org.testng.internal.TestInvoker$MethodInvocationAgent.invoke(TestInvoker.java:824)
at org.testng.internal.TestInvoker.invokeTestMethods(TestInvoker.java:146)
at org.testng.internal.TestMethodWorker.invokeTestMethods(TestMethodWorker.java:146)
at org.testng.internal.TestMethodWorker.run(TestMethodWorker.java:128)
at java.base/java.util.ArrayList.forEach(ArrayList.java:1596)
at org.testng.TestRunner.privateRun(TestRunner.java:794)
at org.testng.TestRunner.run(TestRunner.java:596)
at org.testng.SuiteRunner.runTest(SuiteRunner.java:377)
at org.testng.SuiteRunner.runSequentially(SuiteRunner.java:371)
at org.testng.SuiteRunner.privateRun(SuiteRunner.java:332)
at org.testng.SuiteRunner.run(SuiteRunner.java:276)
at org.testng.SuiteRunnerWorker.runSuite(SuiteRunnerWorker.java:53)
at org.testng.SuiteRunnerWorker.run(SuiteRunnerWorker.java:96)
at org.testng.TestNG.runSuitesSequentially(TestNG.java:1212)
at org.testng.TestNG.runSuitesLocally(TestNG.java:1134)
at org.testng.TestNG.runSuites(TestNG.java:1063)
at org.testng.TestNG.run(TestNG.java:1031)
at org.testng.remote.AbstractRemoteTestNG.run(AbstractRemoteTestNG.java:115)
at org.testng.remote.RemoteTestNG.initAndRun(RemoteTestNG.java:293)
at org.testng.remote.RemoteTestNG.main(RemoteTestNG.java:91)
]]>
            </full-stacktrace>
          </exception> <!-- org.openqa.selenium.NoSuchElementException -->
          <reporter-output>
          </reporter-output>
        </test-method> <!-- testCase2 -->
        <test-method is-config="true" signature="closeApp()[pri:0, instance:testScripts.AddItemToWishListBySearchBox2@53142455]" started-at="2025-02-04T17:14:16 IST" name="closeApp" finished-at="2025-02-04T17:14:18 IST" duration-ms="1962" status="PASS">
          <reporter-output>
          </reporter-output>
        </test-method> <!-- closeApp -->
      </class> <!-- testScripts.AddItemToWishListBySearchBox2 -->
      <class name="testScripts.SelectItemAndVerifyPinCode">
        <test-method is-config="true" signature="openApp()[pri:0, instance:testScripts.SelectItemAndVerifyPinCode@771a660]" started-at="2025-02-04T17:09:56 IST" name="openApp" finished-at="2025-02-04T17:10:10 IST" duration-ms="14409" status="PASS">
          <reporter-output>
          </reporter-output>
        </test-method> <!-- openApp -->
        <test-method signature="testCase3()[pri:0, instance:testScripts.SelectItemAndVerifyPinCode@771a660]" started-at="2025-02-04T17:10:10 IST" name="testCase3" finished-at="2025-02-04T17:10:44 IST" duration-ms="33455" status="PASS">
          <reporter-output>
          </reporter-output>
        </test-method> <!-- testCase3 -->
        <test-method is-config="true" signature="closeApp()[pri:0, instance:testScripts.SelectItemAndVerifyPinCode@771a660]" started-at="2025-02-04T17:10:44 IST" name="closeApp" finished-at="2025-02-04T17:10:47 IST" duration-ms="3155" status="PASS">
          <reporter-output>
          </reporter-output>
        </test-method> <!-- closeApp -->
      </class> <!-- testScripts.SelectItemAndVerifyPinCode -->
      <class name="testScripts.AddProductToWishList">
        <test-method is-config="true" signature="openApp()[pri:0, instance:testScripts.AddProductToWishList@2d52216b]" started-at="2025-02-04T17:10:47 IST" name="openApp" finished-at="2025-02-04T17:10:59 IST" duration-ms="12263" status="PASS">
          <reporter-output>
          </reporter-output>
        </test-method> <!-- openApp -->
        <test-method signature="testCase1()[pri:0, instance:testScripts.AddProductToWishList@2d52216b]" started-at="2025-02-04T17:10:59 IST" name="testCase1" finished-at="2025-02-04T17:11:35 IST" duration-ms="35258" status="PASS">
          <reporter-output>
          </reporter-output>
        </test-method> <!-- testCase1 -->
        <test-method is-config="true" signature="closeApp()[pri:0, instance:testScripts.AddProductToWishList@2d52216b]" started-at="2025-02-04T17:11:35 IST" name="closeApp" finished-at="2025-02-04T17:11:40 IST" duration-ms="5509" status="PASS">
          <reporter-output>
          </reporter-output>
        </test-method> <!-- closeApp -->
      </class> <!-- testScripts.AddProductToWishList -->
      <class name="testScripts.AddNewAddress">
        <test-method is-config="true" signature="openApp()[pri:0, instance:testScripts.AddNewAddress@56e8b606]" started-at="2025-02-04T17:11:40 IST" name="openApp" finished-at="2025-02-04T17:11:53 IST" duration-ms="13153" status="PASS">
          <reporter-output>
          </reporter-output>
        </test-method> <!-- openApp -->
        <test-method signature="testCase6()[pri:0, instance:testScripts.AddNewAddress@56e8b606]" started-at="2025-02-04T17:11:53 IST" name="testCase6" finished-at="2025-02-04T17:12:15 IST" duration-ms="21500" status="PASS">
          <reporter-output>
          </reporter-output>
        </test-method> <!-- testCase6 -->
        <test-method is-config="true" signature="closeApp()[pri:0, instance:testScripts.AddNewAddress@56e8b606]" started-at="2025-02-04T17:12:15 IST" name="closeApp" finished-at="2025-02-04T17:12:18 IST" duration-ms="3168" status="PASS">
          <reporter-output>
          </reporter-output>
        </test-method> <!-- closeApp -->
      </class> <!-- testScripts.AddNewAddress -->
      <class name="testScripts.AddElementHandlePopUp">
        <test-method is-config="true" signature="openApp()[pri:0, instance:testScripts.AddElementHandlePopUp@7966baa7]" started-at="2025-02-04T17:14:42 IST" name="openApp" finished-at="2025-02-04T17:14:54 IST" duration-ms="12844" status="PASS">
          <reporter-output>
          </reporter-output>
        </test-method> <!-- openApp -->
        <test-method signature="testCase8()[pri:0, instance:testScripts.AddElementHandlePopUp@7966baa7]" started-at="2025-02-04T17:14:54 IST" name="testCase8" finished-at="2025-02-04T17:15:04 IST" duration-ms="10028" status="PASS">
          <reporter-output>
          </reporter-output>
        </test-method> <!-- testCase8 -->
        <test-method is-config="true" signature="closeApp()[pri:0, instance:testScripts.AddElementHandlePopUp@7966baa7]" started-at="2025-02-04T17:15:04 IST" name="closeApp" finished-at="2025-02-04T17:15:07 IST" duration-ms="2295" status="PASS">
          <reporter-output>
          </reporter-output>
        </test-method> <!-- closeApp -->
      </class> <!-- testScripts.AddElementHandlePopUp -->
      <class name="testScripts.MonteCarloVerifyPincode">
        <test-method is-config="true" signature="openApp()[pri:0, instance:testScripts.MonteCarloVerifyPincode@60975100]" started-at="2025-02-04T17:15:07 IST" name="openApp" finished-at="2025-02-04T17:15:19 IST" duration-ms="12373" status="PASS">
          <reporter-output>
          </reporter-output>
        </test-method> <!-- openApp -->
        <test-method signature="testCase5()[pri:0, instance:testScripts.MonteCarloVerifyPincode@60975100]" started-at="2025-02-04T17:15:19 IST" name="testCase5" finished-at="2025-02-04T17:15:40 IST" duration-ms="21206" status="PASS">
          <reporter-output>
          </reporter-output>
        </test-method> <!-- testCase5 -->
        <test-method is-config="true" signature="closeApp()[pri:0, instance:testScripts.MonteCarloVerifyPincode@60975100]" started-at="2025-02-04T17:15:40 IST" name="closeApp" finished-at="2025-02-04T17:15:42 IST" duration-ms="2106" status="PASS">
          <reporter-output>
          </reporter-output>
        </test-method> <!-- closeApp -->
      </class> <!-- testScripts.MonteCarloVerifyPincode -->
    </test> <!-- Test -->
  </suite> <!-- Suite -->
</testng-results>
