<?xml version="1.0" encoding="UTF-8"?>
<testng-results ignored="0" total="1" passed="1" failed="0" skipped="0">
  <reporter-output>
  </reporter-output>
  <suite started-at="2025-01-31T16:43:37 IST" name="Default suite" finished-at="2025-01-31T16:46:33 IST" duration-ms="175995">
    <groups>
    </groups>
    <test started-at="2025-01-31T16:43:37 IST" name="Default test" finished-at="2025-01-31T16:46:33 IST" duration-ms="175995">
      <class name="testScripts.AddElementHandlePopUp">
        <test-method is-config="true" signature="openApp()[pri:0, instance:testScripts.AddElementHandlePopUp@58d75e99]" started-at="2025-01-31T16:43:37 IST" name="openApp" finished-at="2025-01-31T16:44:27 IST" duration-ms="49508" status="PASS">
          <reporter-output>
          </reporter-output>
        </test-method> <!-- openApp -->
        <test-method signature="testCase8()[pri:0, instance:testScripts.AddElementHandlePopUp@58d75e99]" started-at="2025-01-31T16:44:27 IST" name="testCase8" finished-at="2025-01-31T16:46:33 IST" duration-ms="126397" status="PASS">
          <reporter-output>
          </reporter-output>
        </test-method> <!-- testCase8 -->
        <test-method is-config="true" signature="closeApp()[pri:0, instance:testScripts.AddElementHandlePopUp@58d75e99]" started-at="2025-01-31T16:46:33 IST" name="closeApp" finished-at="2025-01-31T16:46:33 IST" duration-ms="1" status="PASS">
          <reporter-output>
          </reporter-output>
        </test-method> <!-- closeApp -->
      </class> <!-- testScripts.AddElementHandlePopUp -->
    </test> <!-- Default test -->
  </suite> <!-- Default suite -->
</testng-results>
